mode: set
github.com/Ulbora/go-micro-blog-ui/signins/linkedIn.go:61.39,62.21 1 1
github.com/Ulbora/go-micro-blog-ui/signins/linkedIn.go:62.21,64.3 1 1
github.com/Ulbora/go-micro-blog-ui/signins/linkedIn.go:65.2,65.22 1 1
github.com/Ulbora/go-micro-blog-ui/signins/linkedIn.go:65.22,67.3 1 1
github.com/Ulbora/go-micro-blog-ui/signins/linkedIn.go:68.2,68.25 1 1
github.com/Ulbora/go-micro-blog-ui/signins/linkedIn.go:68.25,70.3 1 1
github.com/Ulbora/go-micro-blog-ui/signins/linkedIn.go:71.2,71.25 1 1
github.com/Ulbora/go-micro-blog-ui/signins/linkedIn.go:71.25,73.3 1 1
github.com/Ulbora/go-micro-blog-ui/signins/linkedIn.go:74.2,76.10 3 1
github.com/Ulbora/go-micro-blog-ui/signins/linkedIn.go:80.47,82.2 1 1
github.com/Ulbora/go-micro-blog-ui/signins/linkedIn.go:102.80,117.2 3 1
github.com/Ulbora/go-micro-blog-ui/signins/linkedIn.go:120.66,131.16 11 1
github.com/Ulbora/go-micro-blog-ui/signins/linkedIn.go:131.16,135.3 3 1
github.com/Ulbora/go-micro-blog-ui/signins/linkedIn.go:137.2,137.13 1 1
github.com/Ulbora/go-micro-blog-ui/signins/linkedIn.go:141.53,147.16 5 1
github.com/Ulbora/go-micro-blog-ui/signins/linkedIn.go:147.16,152.3 4 1
github.com/Ulbora/go-micro-blog-ui/signins/linkedIn.go:153.2,153.13 1 1
github.com/Ulbora/go-micro-blog-ui/signins/linkedIn.go:157.60,160.16 3 1
github.com/Ulbora/go-micro-blog-ui/signins/linkedIn.go:160.16,165.3 4 1
github.com/Ulbora/go-micro-blog-ui/signins/linkedIn.go:166.2,166.12 1 1
github.com/Ulbora/go-micro-blog-ui/signins/mockLinkedIn.go:21.43,23.2 1 0
github.com/Ulbora/go-micro-blog-ui/signins/mockLinkedIn.go:26.85,28.2 0 0
github.com/Ulbora/go-micro-blog-ui/signins/mockLinkedIn.go:31.70,36.2 3 0
github.com/Ulbora/go-micro-blog-ui/signins/mockLinkedIn.go:39.57,47.2 7 0
github.com/Ulbora/go-micro-blog-ui/signins/mockLinkedIn.go:50.64,52.2 1 0
github.com/Ulbora/go-micro-blog-ui/signins/mockLinkedIn.go:55.52,57.2 0 0
github.com/Ulbora/go-micro-blog-ui/signins/signin.go:74.83,77.59 3 1
github.com/Ulbora/go-micro-blog-ui/signins/signin.go:77.59,80.3 2 1
github.com/Ulbora/go-micro-blog-ui/signins/signin.go:80.8,82.3 1 1
github.com/Ulbora/go-micro-blog-ui/signins/signin.go:83.2,83.17 1 1
github.com/Ulbora/go-micro-blog-ui/signins/signin.go:86.90,89.59 3 1
github.com/Ulbora/go-micro-blog-ui/signins/signin.go:89.59,92.3 2 1
github.com/Ulbora/go-micro-blog-ui/signins/signin.go:96.2,96.17 1 1
