mode: set
github.com/Ulbora/go-micro-blog-ui/handlers/blogHandler.go:9.73,13.9 4 0
github.com/Ulbora/go-micro-blog-ui/handlers/blogHandler.go:13.9,16.27 3 0
github.com/Ulbora/go-micro-blog-ui/handlers/blogHandler.go:16.27,24.4 1 0
github.com/Ulbora/go-micro-blog-ui/handlers/blogHandler.go:24.9,26.4 1 0
github.com/Ulbora/go-micro-blog-ui/handlers/callbackHandler.go:29.78,38.22 8 1
github.com/Ulbora/go-micro-blog-ui/handlers/callbackHandler.go:38.22,43.48 4 1
github.com/Ulbora/go-micro-blog-ui/handlers/callbackHandler.go:43.48,58.40 12 1
github.com/Ulbora/go-micro-blog-ui/handlers/callbackHandler.go:58.40,71.22 12 1
github.com/Ulbora/go-micro-blog-ui/handlers/callbackHandler.go:71.22,78.6 6 1
github.com/Ulbora/go-micro-blog-ui/handlers/callbackHandler.go:79.10,79.26 1 1
github.com/Ulbora/go-micro-blog-ui/handlers/callbackHandler.go:79.26,86.5 6 1
github.com/Ulbora/go-micro-blog-ui/handlers/callbackHandler.go:88.4,88.12 1 1
github.com/Ulbora/go-micro-blog-ui/handlers/callbackHandler.go:88.12,90.12 2 1
github.com/Ulbora/go-micro-blog-ui/handlers/callbackHandler.go:90.12,95.6 3 1
github.com/Ulbora/go-micro-blog-ui/handlers/callbackHandler.go:96.5,96.57 1 1
github.com/Ulbora/go-micro-blog-ui/handlers/callbackHandler.go:100.3,100.49 1 1
github.com/Ulbora/go-micro-blog-ui/handlers/callbackHandler.go:101.8,103.3 1 1
github.com/Ulbora/go-micro-blog-ui/handlers/loginHandler.go:35.75,39.9 4 1
github.com/Ulbora/go-micro-blog-ui/handlers/loginHandler.go:39.9,42.51 3 1
github.com/Ulbora/go-micro-blog-ui/handlers/loginHandler.go:42.51,54.4 6 1
github.com/Ulbora/go-micro-blog-ui/handlers/loginHandler.go:54.9,56.4 1 1
github.com/Ulbora/go-micro-blog-ui/handlers/loginHandler.go:61.71,65.37 3 1
github.com/Ulbora/go-micro-blog-ui/handlers/loginHandler.go:65.37,75.3 3 1
github.com/Ulbora/go-micro-blog-ui/handlers/mcHandler.go:53.35,55.2 1 1
github.com/Ulbora/go-micro-blog-ui/handlers/mcHandler.go:57.57,62.24 5 1
github.com/Ulbora/go-micro-blog-ui/handlers/mcHandler.go:62.24,64.3 1 1
github.com/Ulbora/go-micro-blog-ui/handlers/mcHandler.go:65.2,65.12 1 1
github.com/Ulbora/go-micro-blog-ui/handlers/mcHandler.go:68.62,73.34 5 1
github.com/Ulbora/go-micro-blog-ui/handlers/mcHandler.go:73.34,75.3 1 1
github.com/Ulbora/go-micro-blog-ui/handlers/mcHandler.go:76.2,76.12 1 1
github.com/Ulbora/go-micro-blog-ui/handlers/mcHandler.go:80.56,83.33 3 1
github.com/Ulbora/go-micro-blog-ui/handlers/mcHandler.go:83.33,85.3 1 1
github.com/Ulbora/go-micro-blog-ui/handlers/mcHandler.go:86.2,86.12 1 1
github.com/Ulbora/go-micro-blog-ui/handlers/mcHandler.go:90.59,92.2 1 1
github.com/Ulbora/go-micro-blog-ui/handlers/mcHandler.go:95.73,100.19 4 1
github.com/Ulbora/go-micro-blog-ui/handlers/mcHandler.go:100.19,105.17 3 1
github.com/Ulbora/go-micro-blog-ui/handlers/mcHandler.go:105.17,108.4 1 1
github.com/Ulbora/go-micro-blog-ui/handlers/mcHandler.go:108.9,110.4 1 1
github.com/Ulbora/go-micro-blog-ui/handlers/mcHandler.go:111.8,113.3 1 1
github.com/Ulbora/go-micro-blog-ui/handlers/mcHandler.go:114.2,114.17 1 1
github.com/Ulbora/go-micro-blog-ui/handlers/mcHandler.go:117.69,123.14 4 1
github.com/Ulbora/go-micro-blog-ui/handlers/mcHandler.go:123.14,125.17 2 1
github.com/Ulbora/go-micro-blog-ui/handlers/mcHandler.go:125.17,129.4 3 1
github.com/Ulbora/go-micro-blog-ui/handlers/mcHandler.go:130.3,130.13 1 1
github.com/Ulbora/go-micro-blog-ui/handlers/mcHandler.go:133.2,133.18 1 1
