mode: set
github.com/Ulbora/go-micro-blog-ui/handlers/adminBlogHandler.go:34.78,38.9 4 1
github.com/Ulbora/go-micro-blog-ui/handlers/adminBlogHandler.go:38.9,42.46 4 1
github.com/Ulbora/go-micro-blog-ui/handlers/adminBlogHandler.go:42.46,50.21 8 1
github.com/Ulbora/go-micro-blog-ui/handlers/adminBlogHandler.go:50.21,52.5 1 1
github.com/Ulbora/go-micro-blog-ui/handlers/adminBlogHandler.go:54.4,55.23 2 1
github.com/Ulbora/go-micro-blog-ui/handlers/adminBlogHandler.go:55.23,57.5 1 1
github.com/Ulbora/go-micro-blog-ui/handlers/adminBlogHandler.go:58.4,59.29 2 1
github.com/Ulbora/go-micro-blog-ui/handlers/adminBlogHandler.go:59.29,64.19 5 1
github.com/Ulbora/go-micro-blog-ui/handlers/adminBlogHandler.go:64.19,74.6 6 1
github.com/Ulbora/go-micro-blog-ui/handlers/adminBlogHandler.go:77.5,78.24 2 1
github.com/Ulbora/go-micro-blog-ui/handlers/adminBlogHandler.go:78.24,87.6 5 1
github.com/Ulbora/go-micro-blog-ui/handlers/adminBlogHandler.go:88.5,89.24 2 1
github.com/Ulbora/go-micro-blog-ui/handlers/adminBlogHandler.go:89.24,93.28 3 1
github.com/Ulbora/go-micro-blog-ui/handlers/adminBlogHandler.go:93.28,94.38 1 1
github.com/Ulbora/go-micro-blog-ui/handlers/adminBlogHandler.go:94.38,96.8 1 1
github.com/Ulbora/go-micro-blog-ui/handlers/adminBlogHandler.go:98.6,101.33 3 1
github.com/Ulbora/go-micro-blog-ui/handlers/adminBlogHandler.go:104.5,105.24 2 1
github.com/Ulbora/go-micro-blog-ui/handlers/adminBlogHandler.go:105.24,115.6 6 1
github.com/Ulbora/go-micro-blog-ui/handlers/adminBlogHandler.go:117.5,124.28 2 1
github.com/Ulbora/go-micro-blog-ui/handlers/adminBlogHandler.go:127.4,135.63 4 1
github.com/Ulbora/go-micro-blog-ui/handlers/adminBlogHandler.go:136.9,138.4 1 1
github.com/Ulbora/go-micro-blog-ui/handlers/adminBlogHandler.go:144.74,148.9 4 1
github.com/Ulbora/go-micro-blog-ui/handlers/adminBlogHandler.go:148.9,152.46 4 1
github.com/Ulbora/go-micro-blog-ui/handlers/adminBlogHandler.go:152.46,171.20 8 1
github.com/Ulbora/go-micro-blog-ui/handlers/adminBlogHandler.go:171.20,175.5 2 1
github.com/Ulbora/go-micro-blog-ui/handlers/adminBlogHandler.go:176.4,176.58 1 1
github.com/Ulbora/go-micro-blog-ui/handlers/adminBlogHandler.go:178.9,180.4 1 1
github.com/Ulbora/go-micro-blog-ui/handlers/adminBlogHandler.go:185.76,189.9 4 1
github.com/Ulbora/go-micro-blog-ui/handlers/adminBlogHandler.go:189.9,193.46 4 1
github.com/Ulbora/go-micro-blog-ui/handlers/adminBlogHandler.go:193.46,210.20 8 1
github.com/Ulbora/go-micro-blog-ui/handlers/adminBlogHandler.go:210.20,214.5 2 1
github.com/Ulbora/go-micro-blog-ui/handlers/adminBlogHandler.go:215.4,215.58 1 1
github.com/Ulbora/go-micro-blog-ui/handlers/adminBlogHandler.go:217.9,219.4 1 1
github.com/Ulbora/go-micro-blog-ui/handlers/adminCommentHandler.go:34.81,38.9 4 1
github.com/Ulbora/go-micro-blog-ui/handlers/adminCommentHandler.go:38.9,42.46 4 1
github.com/Ulbora/go-micro-blog-ui/handlers/adminCommentHandler.go:42.46,55.21 12 1
github.com/Ulbora/go-micro-blog-ui/handlers/adminCommentHandler.go:55.21,57.5 1 1
github.com/Ulbora/go-micro-blog-ui/handlers/adminCommentHandler.go:58.4,61.18 4 1
github.com/Ulbora/go-micro-blog-ui/handlers/adminCommentHandler.go:61.18,71.5 7 1
github.com/Ulbora/go-micro-blog-ui/handlers/adminCommentHandler.go:73.4,75.23 3 1
github.com/Ulbora/go-micro-blog-ui/handlers/adminCommentHandler.go:75.23,83.24 5 1
github.com/Ulbora/go-micro-blog-ui/handlers/adminCommentHandler.go:83.24,91.6 7 1
github.com/Ulbora/go-micro-blog-ui/handlers/adminCommentHandler.go:92.5,94.35 3 1
github.com/Ulbora/go-micro-blog-ui/handlers/adminCommentHandler.go:97.4,98.23 2 1
github.com/Ulbora/go-micro-blog-ui/handlers/adminCommentHandler.go:98.23,108.5 6 1
github.com/Ulbora/go-micro-blog-ui/handlers/adminCommentHandler.go:123.4,125.59 2 1
github.com/Ulbora/go-micro-blog-ui/handlers/adminCommentHandler.go:127.9,129.4 1 1
github.com/Ulbora/go-micro-blog-ui/handlers/adminCommentHandler.go:134.77,138.9 4 1
github.com/Ulbora/go-micro-blog-ui/handlers/adminCommentHandler.go:138.9,142.46 4 1
github.com/Ulbora/go-micro-blog-ui/handlers/adminCommentHandler.go:142.46,163.20 9 1
github.com/Ulbora/go-micro-blog-ui/handlers/adminCommentHandler.go:163.20,167.5 2 1
github.com/Ulbora/go-micro-blog-ui/handlers/adminCommentHandler.go:168.4,168.69 1 1
github.com/Ulbora/go-micro-blog-ui/handlers/adminCommentHandler.go:170.9,172.4 1 1
github.com/Ulbora/go-micro-blog-ui/handlers/adminCommentHandler.go:177.79,181.9 4 1
github.com/Ulbora/go-micro-blog-ui/handlers/adminCommentHandler.go:181.9,185.46 4 1
github.com/Ulbora/go-micro-blog-ui/handlers/adminCommentHandler.go:185.46,206.20 9 1
github.com/Ulbora/go-micro-blog-ui/handlers/adminCommentHandler.go:206.20,210.5 2 1
github.com/Ulbora/go-micro-blog-ui/handlers/adminCommentHandler.go:211.4,211.69 1 1
github.com/Ulbora/go-micro-blog-ui/handlers/adminCommentHandler.go:213.9,215.4 1 1
github.com/Ulbora/go-micro-blog-ui/handlers/adminUserHandler.go:41.77,45.9 4 1
github.com/Ulbora/go-micro-blog-ui/handlers/adminUserHandler.go:45.9,49.46 4 1
github.com/Ulbora/go-micro-blog-ui/handlers/adminUserHandler.go:49.46,66.4 12 1
github.com/Ulbora/go-micro-blog-ui/handlers/adminUserHandler.go:66.9,68.4 1 1
github.com/Ulbora/go-micro-blog-ui/handlers/blogHandler.go:81.73,85.9 4 1
github.com/Ulbora/go-micro-blog-ui/handlers/blogHandler.go:85.9,88.27 3 1
github.com/Ulbora/go-micro-blog-ui/handlers/blogHandler.go:88.27,96.21 8 1
github.com/Ulbora/go-micro-blog-ui/handlers/blogHandler.go:96.21,98.5 1 1
github.com/Ulbora/go-micro-blog-ui/handlers/blogHandler.go:99.4,101.23 3 1
github.com/Ulbora/go-micro-blog-ui/handlers/blogHandler.go:101.23,103.5 1 1
github.com/Ulbora/go-micro-blog-ui/handlers/blogHandler.go:104.4,105.29 2 1
github.com/Ulbora/go-micro-blog-ui/handlers/blogHandler.go:105.29,110.19 5 1
github.com/Ulbora/go-micro-blog-ui/handlers/blogHandler.go:110.19,120.6 7 1
github.com/Ulbora/go-micro-blog-ui/handlers/blogHandler.go:123.5,124.24 2 1
github.com/Ulbora/go-micro-blog-ui/handlers/blogHandler.go:124.24,133.6 5 1
github.com/Ulbora/go-micro-blog-ui/handlers/blogHandler.go:134.5,135.24 2 1
github.com/Ulbora/go-micro-blog-ui/handlers/blogHandler.go:135.24,139.28 3 1
github.com/Ulbora/go-micro-blog-ui/handlers/blogHandler.go:139.28,140.38 1 1
github.com/Ulbora/go-micro-blog-ui/handlers/blogHandler.go:140.38,142.8 1 1
github.com/Ulbora/go-micro-blog-ui/handlers/blogHandler.go:144.6,147.33 3 1
github.com/Ulbora/go-micro-blog-ui/handlers/blogHandler.go:150.5,151.24 2 1
github.com/Ulbora/go-micro-blog-ui/handlers/blogHandler.go:151.24,161.6 6 1
github.com/Ulbora/go-micro-blog-ui/handlers/blogHandler.go:163.5,170.28 2 1
github.com/Ulbora/go-micro-blog-ui/handlers/blogHandler.go:173.4,181.53 3 1
github.com/Ulbora/go-micro-blog-ui/handlers/blogHandler.go:182.9,184.4 1 1
github.com/Ulbora/go-micro-blog-ui/handlers/blogHandler.go:190.73,194.9 4 1
github.com/Ulbora/go-micro-blog-ui/handlers/blogHandler.go:194.9,197.27 3 1
github.com/Ulbora/go-micro-blog-ui/handlers/blogHandler.go:197.27,204.21 7 1
github.com/Ulbora/go-micro-blog-ui/handlers/blogHandler.go:204.21,206.5 1 1
github.com/Ulbora/go-micro-blog-ui/handlers/blogHandler.go:213.4,213.52 1 1
github.com/Ulbora/go-micro-blog-ui/handlers/blogHandler.go:214.9,216.4 1 1
github.com/Ulbora/go-micro-blog-ui/handlers/blogHandler.go:221.69,227.9 6 1
github.com/Ulbora/go-micro-blog-ui/handlers/blogHandler.go:227.9,230.27 3 1
github.com/Ulbora/go-micro-blog-ui/handlers/blogHandler.go:230.27,242.4 10 1
github.com/Ulbora/go-micro-blog-ui/handlers/blogHandler.go:242.9,244.4 1 1
github.com/Ulbora/go-micro-blog-ui/handlers/blogHandler.go:249.69,253.9 4 1
github.com/Ulbora/go-micro-blog-ui/handlers/blogHandler.go:253.9,256.27 3 1
github.com/Ulbora/go-micro-blog-ui/handlers/blogHandler.go:256.27,269.21 12 1
github.com/Ulbora/go-micro-blog-ui/handlers/blogHandler.go:269.21,271.5 1 1
github.com/Ulbora/go-micro-blog-ui/handlers/blogHandler.go:272.4,275.18 4 1
github.com/Ulbora/go-micro-blog-ui/handlers/blogHandler.go:275.18,285.5 7 1
github.com/Ulbora/go-micro-blog-ui/handlers/blogHandler.go:287.4,289.23 3 1
github.com/Ulbora/go-micro-blog-ui/handlers/blogHandler.go:289.23,297.24 5 1
github.com/Ulbora/go-micro-blog-ui/handlers/blogHandler.go:297.24,305.6 7 1
github.com/Ulbora/go-micro-blog-ui/handlers/blogHandler.go:306.5,308.35 3 1
github.com/Ulbora/go-micro-blog-ui/handlers/blogHandler.go:311.4,312.23 2 1
github.com/Ulbora/go-micro-blog-ui/handlers/blogHandler.go:312.23,322.5 6 1
github.com/Ulbora/go-micro-blog-ui/handlers/blogHandler.go:337.4,339.49 2 1
github.com/Ulbora/go-micro-blog-ui/handlers/blogHandler.go:341.9,343.4 1 1
github.com/Ulbora/go-micro-blog-ui/handlers/blogHandler.go:348.76,352.9 4 1
github.com/Ulbora/go-micro-blog-ui/handlers/blogHandler.go:352.9,355.27 3 1
github.com/Ulbora/go-micro-blog-ui/handlers/blogHandler.go:355.27,368.21 11 1
github.com/Ulbora/go-micro-blog-ui/handlers/blogHandler.go:368.21,370.5 1 1
github.com/Ulbora/go-micro-blog-ui/handlers/blogHandler.go:371.4,374.18 4 1
github.com/Ulbora/go-micro-blog-ui/handlers/blogHandler.go:374.18,384.5 7 1
github.com/Ulbora/go-micro-blog-ui/handlers/blogHandler.go:386.4,395.40 7 1
github.com/Ulbora/go-micro-blog-ui/handlers/blogHandler.go:395.40,397.5 1 1
github.com/Ulbora/go-micro-blog-ui/handlers/blogHandler.go:397.10,399.5 1 1
github.com/Ulbora/go-micro-blog-ui/handlers/blogHandler.go:400.9,402.4 1 1
github.com/Ulbora/go-micro-blog-ui/handlers/blogHandler.go:407.72,415.9 8 1
github.com/Ulbora/go-micro-blog-ui/handlers/blogHandler.go:415.9,418.27 3 1
github.com/Ulbora/go-micro-blog-ui/handlers/blogHandler.go:418.27,431.4 9 1
github.com/Ulbora/go-micro-blog-ui/handlers/blogHandler.go:431.9,433.4 1 1
github.com/Ulbora/go-micro-blog-ui/handlers/blogHandler.go:437.70,445.17 8 1
github.com/Ulbora/go-micro-blog-ui/handlers/blogHandler.go:445.17,448.3 2 1
github.com/Ulbora/go-micro-blog-ui/handlers/blogHandler.go:449.2,449.18 1 1
github.com/Ulbora/go-micro-blog-ui/handlers/blogHandler.go:449.18,452.3 2 1
github.com/Ulbora/go-micro-blog-ui/handlers/blogHandler.go:453.2,457.20 4 1
github.com/Ulbora/go-micro-blog-ui/handlers/callbackHandler.go:29.78,38.22 8 1
github.com/Ulbora/go-micro-blog-ui/handlers/callbackHandler.go:38.22,43.91 4 1
github.com/Ulbora/go-micro-blog-ui/handlers/callbackHandler.go:43.91,59.40 13 1
github.com/Ulbora/go-micro-blog-ui/handlers/callbackHandler.go:59.40,72.22 12 1
github.com/Ulbora/go-micro-blog-ui/handlers/callbackHandler.go:72.22,79.6 6 1
github.com/Ulbora/go-micro-blog-ui/handlers/callbackHandler.go:80.10,80.26 1 1
github.com/Ulbora/go-micro-blog-ui/handlers/callbackHandler.go:80.26,88.5 7 1
github.com/Ulbora/go-micro-blog-ui/handlers/callbackHandler.go:90.4,90.12 1 1
github.com/Ulbora/go-micro-blog-ui/handlers/callbackHandler.go:90.12,92.12 2 1
github.com/Ulbora/go-micro-blog-ui/handlers/callbackHandler.go:92.12,94.27 2 1
github.com/Ulbora/go-micro-blog-ui/handlers/callbackHandler.go:94.27,96.7 1 1
github.com/Ulbora/go-micro-blog-ui/handlers/callbackHandler.go:97.6,100.31 4 1
github.com/Ulbora/go-micro-blog-ui/handlers/callbackHandler.go:103.5,103.57 1 1
github.com/Ulbora/go-micro-blog-ui/handlers/callbackHandler.go:107.3,107.49 1 1
github.com/Ulbora/go-micro-blog-ui/handlers/callbackHandler.go:108.8,110.3 1 1
github.com/Ulbora/go-micro-blog-ui/handlers/callbackHandler.go:115.82,124.28 8 1
github.com/Ulbora/go-micro-blog-ui/handlers/callbackHandler.go:124.28,129.103 4 1
github.com/Ulbora/go-micro-blog-ui/handlers/callbackHandler.go:129.103,145.40 13 1
github.com/Ulbora/go-micro-blog-ui/handlers/callbackHandler.go:145.40,158.22 12 1
github.com/Ulbora/go-micro-blog-ui/handlers/callbackHandler.go:158.22,165.6 6 1
github.com/Ulbora/go-micro-blog-ui/handlers/callbackHandler.go:166.10,166.26 1 1
github.com/Ulbora/go-micro-blog-ui/handlers/callbackHandler.go:166.26,174.5 7 1
github.com/Ulbora/go-micro-blog-ui/handlers/callbackHandler.go:176.4,176.12 1 1
github.com/Ulbora/go-micro-blog-ui/handlers/callbackHandler.go:176.12,178.12 2 1
github.com/Ulbora/go-micro-blog-ui/handlers/callbackHandler.go:178.12,180.27 2 1
github.com/Ulbora/go-micro-blog-ui/handlers/callbackHandler.go:180.27,182.7 1 1
github.com/Ulbora/go-micro-blog-ui/handlers/callbackHandler.go:183.6,186.31 4 1
github.com/Ulbora/go-micro-blog-ui/handlers/callbackHandler.go:189.5,189.55 1 1
github.com/Ulbora/go-micro-blog-ui/handlers/callbackHandler.go:193.3,193.49 1 1
github.com/Ulbora/go-micro-blog-ui/handlers/callbackHandler.go:194.8,196.3 1 1
github.com/Ulbora/go-micro-blog-ui/handlers/commentHandler.go:29.72,40.9 10 1
github.com/Ulbora/go-micro-blog-ui/handlers/commentHandler.go:40.9,43.27 3 1
github.com/Ulbora/go-micro-blog-ui/handlers/commentHandler.go:43.27,55.4 10 1
github.com/Ulbora/go-micro-blog-ui/handlers/commentHandler.go:55.9,57.4 1 1
github.com/Ulbora/go-micro-blog-ui/handlers/commentHandler.go:61.76,74.2 9 1
github.com/Ulbora/go-micro-blog-ui/handlers/likeHandler.go:30.69,34.9 4 1
github.com/Ulbora/go-micro-blog-ui/handlers/likeHandler.go:34.9,37.27 3 1
github.com/Ulbora/go-micro-blog-ui/handlers/likeHandler.go:37.27,43.21 6 1
github.com/Ulbora/go-micro-blog-ui/handlers/likeHandler.go:43.21,51.21 7 1
github.com/Ulbora/go-micro-blog-ui/handlers/likeHandler.go:51.21,55.6 3 1
github.com/Ulbora/go-micro-blog-ui/handlers/likeHandler.go:56.5,56.51 1 1
github.com/Ulbora/go-micro-blog-ui/handlers/likeHandler.go:58.9,60.4 1 1
github.com/Ulbora/go-micro-blog-ui/handlers/loginHandler.go:35.75,39.9 4 1
github.com/Ulbora/go-micro-blog-ui/handlers/loginHandler.go:39.9,42.51 3 1
github.com/Ulbora/go-micro-blog-ui/handlers/loginHandler.go:42.51,54.4 6 1
github.com/Ulbora/go-micro-blog-ui/handlers/loginHandler.go:54.9,56.4 1 1
github.com/Ulbora/go-micro-blog-ui/handlers/loginHandler.go:61.71,65.37 3 1
github.com/Ulbora/go-micro-blog-ui/handlers/loginHandler.go:65.37,75.3 3 1
github.com/Ulbora/go-micro-blog-ui/handlers/loginHandler.go:75.8,75.42 1 1
github.com/Ulbora/go-micro-blog-ui/handlers/loginHandler.go:75.42,85.3 3 1
github.com/Ulbora/go-micro-blog-ui/handlers/mcHandler.go:53.35,55.2 1 1
github.com/Ulbora/go-micro-blog-ui/handlers/mcHandler.go:57.57,62.24 5 1
github.com/Ulbora/go-micro-blog-ui/handlers/mcHandler.go:62.24,64.3 1 1
github.com/Ulbora/go-micro-blog-ui/handlers/mcHandler.go:65.2,65.12 1 1
github.com/Ulbora/go-micro-blog-ui/handlers/mcHandler.go:68.62,73.34 5 1
github.com/Ulbora/go-micro-blog-ui/handlers/mcHandler.go:73.34,75.3 1 1
github.com/Ulbora/go-micro-blog-ui/handlers/mcHandler.go:76.2,76.12 1 1
github.com/Ulbora/go-micro-blog-ui/handlers/mcHandler.go:80.56,83.33 3 1
github.com/Ulbora/go-micro-blog-ui/handlers/mcHandler.go:83.33,85.3 1 1
github.com/Ulbora/go-micro-blog-ui/handlers/mcHandler.go:86.2,86.12 1 1
github.com/Ulbora/go-micro-blog-ui/handlers/mcHandler.go:90.59,92.2 1 1
github.com/Ulbora/go-micro-blog-ui/handlers/mcHandler.go:95.73,100.19 4 1
github.com/Ulbora/go-micro-blog-ui/handlers/mcHandler.go:100.19,105.17 3 1
github.com/Ulbora/go-micro-blog-ui/handlers/mcHandler.go:105.17,108.4 1 1
github.com/Ulbora/go-micro-blog-ui/handlers/mcHandler.go:108.9,110.4 1 1
github.com/Ulbora/go-micro-blog-ui/handlers/mcHandler.go:111.8,113.3 1 1
github.com/Ulbora/go-micro-blog-ui/handlers/mcHandler.go:114.2,114.17 1 1
github.com/Ulbora/go-micro-blog-ui/handlers/mcHandler.go:117.69,123.14 4 1
github.com/Ulbora/go-micro-blog-ui/handlers/mcHandler.go:123.14,125.17 2 1
github.com/Ulbora/go-micro-blog-ui/handlers/mcHandler.go:125.17,129.4 3 1
github.com/Ulbora/go-micro-blog-ui/handlers/mcHandler.go:130.3,130.13 1 1
github.com/Ulbora/go-micro-blog-ui/handlers/mcHandler.go:133.2,133.18 1 1
