mode: set
github.com/Ulbora/go-micro-blog-ui/delegates/aboutDelegate.go:26.53,29.16 3 1
github.com/Ulbora/go-micro-blog-ui/delegates/aboutDelegate.go:29.16,31.17 2 1
github.com/Ulbora/go-micro-blog-ui/delegates/aboutDelegate.go:31.17,36.4 4 1
github.com/Ulbora/go-micro-blog-ui/delegates/aboutDelegate.go:38.2,39.15 2 1
github.com/Ulbora/go-micro-blog-ui/delegates/aboutDelegate.go:43.54,46.16 3 1
github.com/Ulbora/go-micro-blog-ui/delegates/aboutDelegate.go:46.16,48.17 2 1
github.com/Ulbora/go-micro-blog-ui/delegates/aboutDelegate.go:48.17,53.4 4 1
github.com/Ulbora/go-micro-blog-ui/delegates/aboutDelegate.go:55.2,56.15 2 1
github.com/Ulbora/go-micro-blog-ui/delegates/aboutDelegate.go:60.40,63.16 3 1
github.com/Ulbora/go-micro-blog-ui/delegates/aboutDelegate.go:63.16,67.3 3 1
github.com/Ulbora/go-micro-blog-ui/delegates/aboutDelegate.go:68.2,68.13 1 1
github.com/Ulbora/go-micro-blog-ui/delegates/blogDelegate.go:27.51,30.16 3 1
github.com/Ulbora/go-micro-blog-ui/delegates/blogDelegate.go:30.16,32.17 2 1
github.com/Ulbora/go-micro-blog-ui/delegates/blogDelegate.go:32.17,37.4 4 1
github.com/Ulbora/go-micro-blog-ui/delegates/blogDelegate.go:39.2,40.13 2 1
github.com/Ulbora/go-micro-blog-ui/delegates/blogDelegate.go:44.52,47.16 3 1
github.com/Ulbora/go-micro-blog-ui/delegates/blogDelegate.go:47.16,49.17 2 1
github.com/Ulbora/go-micro-blog-ui/delegates/blogDelegate.go:49.17,54.4 4 1
github.com/Ulbora/go-micro-blog-ui/delegates/blogDelegate.go:56.2,57.13 2 1
github.com/Ulbora/go-micro-blog-ui/delegates/blogDelegate.go:61.47,65.16 4 1
github.com/Ulbora/go-micro-blog-ui/delegates/blogDelegate.go:65.16,69.3 3 1
github.com/Ulbora/go-micro-blog-ui/delegates/blogDelegate.go:70.2,70.13 1 1
github.com/Ulbora/go-micro-blog-ui/delegates/blogDelegate.go:74.81,79.16 5 1
github.com/Ulbora/go-micro-blog-ui/delegates/blogDelegate.go:79.16,83.3 3 1
github.com/Ulbora/go-micro-blog-ui/delegates/blogDelegate.go:84.2,84.13 1 1
github.com/Ulbora/go-micro-blog-ui/delegates/blogDelegate.go:88.86,93.16 5 1
github.com/Ulbora/go-micro-blog-ui/delegates/blogDelegate.go:93.16,97.3 3 1
github.com/Ulbora/go-micro-blog-ui/delegates/blogDelegate.go:98.2,98.14 1 1
github.com/Ulbora/go-micro-blog-ui/delegates/blogDelegate.go:102.66,107.16 5 1
github.com/Ulbora/go-micro-blog-ui/delegates/blogDelegate.go:107.16,111.3 3 1
github.com/Ulbora/go-micro-blog-ui/delegates/blogDelegate.go:112.2,112.13 1 1
github.com/Ulbora/go-micro-blog-ui/delegates/blogDelegate.go:116.71,121.16 5 1
github.com/Ulbora/go-micro-blog-ui/delegates/blogDelegate.go:121.16,125.3 3 1
github.com/Ulbora/go-micro-blog-ui/delegates/blogDelegate.go:126.2,126.13 1 1
github.com/Ulbora/go-micro-blog-ui/delegates/blogDelegate.go:130.54,133.16 3 1
github.com/Ulbora/go-micro-blog-ui/delegates/blogDelegate.go:133.16,135.17 2 1
github.com/Ulbora/go-micro-blog-ui/delegates/blogDelegate.go:135.17,140.4 4 1
github.com/Ulbora/go-micro-blog-ui/delegates/blogDelegate.go:142.2,143.13 2 1
github.com/Ulbora/go-micro-blog-ui/delegates/blogDelegate.go:147.56,150.16 3 1
github.com/Ulbora/go-micro-blog-ui/delegates/blogDelegate.go:150.16,152.17 2 1
github.com/Ulbora/go-micro-blog-ui/delegates/blogDelegate.go:152.17,157.4 4 1
github.com/Ulbora/go-micro-blog-ui/delegates/blogDelegate.go:159.2,160.13 2 1
github.com/Ulbora/go-micro-blog-ui/delegates/blogDelegate.go:166.54,170.16 4 1
github.com/Ulbora/go-micro-blog-ui/delegates/blogDelegate.go:170.16,174.3 3 1
github.com/Ulbora/go-micro-blog-ui/delegates/blogDelegate.go:175.2,175.13 1 1
github.com/Ulbora/go-micro-blog-ui/delegates/commentDelegate.go:27.57,30.16 3 1
github.com/Ulbora/go-micro-blog-ui/delegates/commentDelegate.go:30.16,32.17 2 1
github.com/Ulbora/go-micro-blog-ui/delegates/commentDelegate.go:32.17,37.4 4 1
github.com/Ulbora/go-micro-blog-ui/delegates/commentDelegate.go:39.2,40.13 2 1
github.com/Ulbora/go-micro-blog-ui/delegates/commentDelegate.go:44.58,47.16 3 1
github.com/Ulbora/go-micro-blog-ui/delegates/commentDelegate.go:47.16,49.17 2 1
github.com/Ulbora/go-micro-blog-ui/delegates/commentDelegate.go:49.17,54.4 4 1
github.com/Ulbora/go-micro-blog-ui/delegates/commentDelegate.go:56.2,57.13 2 1
github.com/Ulbora/go-micro-blog-ui/delegates/commentDelegate.go:61.86,67.16 6 1
github.com/Ulbora/go-micro-blog-ui/delegates/commentDelegate.go:67.16,71.3 3 1
github.com/Ulbora/go-micro-blog-ui/delegates/commentDelegate.go:72.2,72.13 1 1
github.com/Ulbora/go-micro-blog-ui/delegates/commentDelegate.go:76.91,82.16 6 1
github.com/Ulbora/go-micro-blog-ui/delegates/commentDelegate.go:82.16,86.3 3 1
github.com/Ulbora/go-micro-blog-ui/delegates/commentDelegate.go:87.2,87.13 1 1
github.com/Ulbora/go-micro-blog-ui/delegates/commentDelegate.go:91.60,94.16 3 1
github.com/Ulbora/go-micro-blog-ui/delegates/commentDelegate.go:94.16,96.17 2 1
github.com/Ulbora/go-micro-blog-ui/delegates/commentDelegate.go:96.17,101.4 4 1
github.com/Ulbora/go-micro-blog-ui/delegates/commentDelegate.go:103.2,104.13 2 1
github.com/Ulbora/go-micro-blog-ui/delegates/commentDelegate.go:108.62,111.16 3 1
github.com/Ulbora/go-micro-blog-ui/delegates/commentDelegate.go:111.16,113.17 2 1
github.com/Ulbora/go-micro-blog-ui/delegates/commentDelegate.go:113.17,118.4 4 1
github.com/Ulbora/go-micro-blog-ui/delegates/commentDelegate.go:120.2,121.13 2 1
github.com/Ulbora/go-micro-blog-ui/delegates/configDelegate.go:26.42,29.16 3 1
github.com/Ulbora/go-micro-blog-ui/delegates/configDelegate.go:29.16,33.3 3 1
github.com/Ulbora/go-micro-blog-ui/delegates/configDelegate.go:34.2,34.13 1 1
github.com/Ulbora/go-micro-blog-ui/delegates/configDelegate.go:38.56,41.16 3 1
github.com/Ulbora/go-micro-blog-ui/delegates/configDelegate.go:41.16,43.17 2 1
github.com/Ulbora/go-micro-blog-ui/delegates/configDelegate.go:43.17,48.4 4 1
github.com/Ulbora/go-micro-blog-ui/delegates/configDelegate.go:50.2,51.13 2 1
github.com/Ulbora/go-micro-blog-ui/delegates/likeDelegate.go:27.51,30.16 3 1
github.com/Ulbora/go-micro-blog-ui/delegates/likeDelegate.go:30.16,32.17 2 1
github.com/Ulbora/go-micro-blog-ui/delegates/likeDelegate.go:32.17,37.4 4 1
github.com/Ulbora/go-micro-blog-ui/delegates/likeDelegate.go:39.2,40.13 2 1
github.com/Ulbora/go-micro-blog-ui/delegates/likeDelegate.go:44.52,51.16 5 1
github.com/Ulbora/go-micro-blog-ui/delegates/likeDelegate.go:51.16,56.3 4 1
github.com/Ulbora/go-micro-blog-ui/delegates/likeDelegate.go:58.2,59.13 2 1
github.com/Ulbora/go-micro-blog-ui/delegates/likeDelegate.go:64.51,69.16 4 1
github.com/Ulbora/go-micro-blog-ui/delegates/likeDelegate.go:69.16,73.3 3 1
github.com/Ulbora/go-micro-blog-ui/delegates/likeDelegate.go:74.2,74.13 1 1
github.com/Ulbora/go-micro-blog-ui/delegates/mcDelegate.go:38.37,42.2 3 1
github.com/Ulbora/go-micro-blog-ui/delegates/mcDelegate.go:45.47,47.2 1 1
github.com/Ulbora/go-micro-blog-ui/delegates/mcDelegate.go:65.115,69.59 4 1
github.com/Ulbora/go-micro-blog-ui/delegates/mcDelegate.go:69.59,72.3 2 1
github.com/Ulbora/go-micro-blog-ui/delegates/mcDelegate.go:72.8,74.3 1 1
github.com/Ulbora/go-micro-blog-ui/delegates/mcDelegate.go:75.2,75.25 1 1
github.com/Ulbora/go-micro-blog-ui/delegates/mcDelegate.go:75.25,77.3 1 1
github.com/Ulbora/go-micro-blog-ui/delegates/mcDelegate.go:77.8,79.3 1 1
github.com/Ulbora/go-micro-blog-ui/delegates/mcDelegate.go:80.2,80.17 1 1
github.com/Ulbora/go-micro-blog-ui/delegates/mockDelegate.go:107.39,109.2 1 1
github.com/Ulbora/go-micro-blog-ui/delegates/mockDelegate.go:112.53,114.2 1 1
github.com/Ulbora/go-micro-blog-ui/delegates/mockDelegate.go:117.54,120.2 1 1
github.com/Ulbora/go-micro-blog-ui/delegates/mockDelegate.go:123.52,126.2 1 1
github.com/Ulbora/go-micro-blog-ui/delegates/mockDelegate.go:129.52,132.2 1 1
github.com/Ulbora/go-micro-blog-ui/delegates/mockDelegate.go:135.46,138.2 1 1
github.com/Ulbora/go-micro-blog-ui/delegates/mockDelegate.go:141.57,144.2 1 1
github.com/Ulbora/go-micro-blog-ui/delegates/mockDelegate.go:147.52,150.2 1 1
github.com/Ulbora/go-micro-blog-ui/delegates/mockDelegate.go:153.54,155.2 1 1
github.com/Ulbora/go-micro-blog-ui/delegates/mockDelegate.go:158.55,161.2 1 1
github.com/Ulbora/go-micro-blog-ui/delegates/mockDelegate.go:164.63,167.2 1 1
github.com/Ulbora/go-micro-blog-ui/delegates/mockDelegate.go:170.58,173.2 1 1
github.com/Ulbora/go-micro-blog-ui/delegates/mockDelegate.go:176.53,178.2 1 1
github.com/Ulbora/go-micro-blog-ui/delegates/mockDelegate.go:181.51,183.2 1 1
github.com/Ulbora/go-micro-blog-ui/delegates/mockDelegate.go:186.46,188.2 1 1
github.com/Ulbora/go-micro-blog-ui/delegates/mockDelegate.go:191.56,193.2 1 1
github.com/Ulbora/go-micro-blog-ui/delegates/mockDelegate.go:196.53,198.2 1 1
github.com/Ulbora/go-micro-blog-ui/delegates/mockDelegate.go:201.54,203.2 1 1
github.com/Ulbora/go-micro-blog-ui/delegates/mockDelegate.go:206.49,208.2 1 1
github.com/Ulbora/go-micro-blog-ui/delegates/mockDelegate.go:211.83,213.2 1 1
github.com/Ulbora/go-micro-blog-ui/delegates/mockDelegate.go:216.88,218.2 1 1
github.com/Ulbora/go-micro-blog-ui/delegates/mockDelegate.go:221.68,223.2 1 1
github.com/Ulbora/go-micro-blog-ui/delegates/mockDelegate.go:226.73,228.2 1 1
github.com/Ulbora/go-micro-blog-ui/delegates/mockDelegate.go:231.56,233.2 1 1
github.com/Ulbora/go-micro-blog-ui/delegates/mockDelegate.go:236.58,238.2 1 1
github.com/Ulbora/go-micro-blog-ui/delegates/mockDelegate.go:241.56,243.2 1 1
github.com/Ulbora/go-micro-blog-ui/delegates/mockDelegate.go:246.53,248.2 1 1
github.com/Ulbora/go-micro-blog-ui/delegates/mockDelegate.go:251.54,253.2 1 1
github.com/Ulbora/go-micro-blog-ui/delegates/mockDelegate.go:256.53,258.2 1 1
github.com/Ulbora/go-micro-blog-ui/delegates/mockDelegate.go:261.59,263.2 1 1
github.com/Ulbora/go-micro-blog-ui/delegates/mockDelegate.go:266.60,268.2 1 1
github.com/Ulbora/go-micro-blog-ui/delegates/mockDelegate.go:271.88,273.2 1 1
github.com/Ulbora/go-micro-blog-ui/delegates/mockDelegate.go:276.93,278.2 1 1
github.com/Ulbora/go-micro-blog-ui/delegates/mockDelegate.go:281.62,283.2 1 1
github.com/Ulbora/go-micro-blog-ui/delegates/mockDelegate.go:286.64,288.2 1 1
github.com/Ulbora/go-micro-blog-ui/delegates/mockDelegate.go:291.61,293.2 1 1
github.com/Ulbora/go-micro-blog-ui/delegates/mockDelegate.go:296.90,298.2 1 1
github.com/Ulbora/go-micro-blog-ui/delegates/mockDelegate.go:301.58,303.2 1 1
github.com/Ulbora/go-micro-blog-ui/delegates/mockDelegate.go:306.44,308.2 1 1
github.com/Ulbora/go-micro-blog-ui/delegates/mockDelegate.go:311.53,313.2 1 1
github.com/Ulbora/go-micro-blog-ui/delegates/mockDelegate.go:316.54,318.2 1 1
github.com/Ulbora/go-micro-blog-ui/delegates/mockDelegate.go:321.40,323.2 1 1
github.com/Ulbora/go-micro-blog-ui/delegates/mockDelegate.go:326.55,328.2 1 1
github.com/Ulbora/go-micro-blog-ui/delegates/mockDelegate.go:331.56,333.2 1 1
github.com/Ulbora/go-micro-blog-ui/delegates/mockDelegate.go:336.42,338.2 1 1
github.com/Ulbora/go-micro-blog-ui/delegates/mockDelegate.go:341.55,343.2 1 1
github.com/Ulbora/go-micro-blog-ui/delegates/mockDelegate.go:346.56,348.2 1 1
github.com/Ulbora/go-micro-blog-ui/delegates/mockDelegate.go:351.42,353.2 1 1
github.com/Ulbora/go-micro-blog-ui/delegates/roleDelegate.go:27.51,30.16 3 1
github.com/Ulbora/go-micro-blog-ui/delegates/roleDelegate.go:30.16,32.17 2 1
github.com/Ulbora/go-micro-blog-ui/delegates/roleDelegate.go:32.17,37.4 4 1
github.com/Ulbora/go-micro-blog-ui/delegates/roleDelegate.go:39.2,40.13 2 1
github.com/Ulbora/go-micro-blog-ui/delegates/roleDelegate.go:44.49,47.16 3 1
github.com/Ulbora/go-micro-blog-ui/delegates/roleDelegate.go:47.16,51.3 3 1
github.com/Ulbora/go-micro-blog-ui/delegates/roleDelegate.go:52.2,52.13 1 1
github.com/Ulbora/go-micro-blog-ui/delegates/roleDelegate.go:56.44,59.16 3 1
github.com/Ulbora/go-micro-blog-ui/delegates/roleDelegate.go:59.16,63.3 3 1
github.com/Ulbora/go-micro-blog-ui/delegates/roleDelegate.go:64.2,64.13 1 1
github.com/Ulbora/go-micro-blog-ui/delegates/roleDelegate.go:68.54,72.16 4 1
github.com/Ulbora/go-micro-blog-ui/delegates/roleDelegate.go:72.16,77.3 4 1
github.com/Ulbora/go-micro-blog-ui/delegates/roleDelegate.go:78.2,79.13 2 1
github.com/Ulbora/go-micro-blog-ui/delegates/ruleDelegate.go:26.51,29.16 3 1
github.com/Ulbora/go-micro-blog-ui/delegates/ruleDelegate.go:29.16,31.17 2 1
github.com/Ulbora/go-micro-blog-ui/delegates/ruleDelegate.go:31.17,36.4 4 1
github.com/Ulbora/go-micro-blog-ui/delegates/ruleDelegate.go:38.2,39.15 2 1
github.com/Ulbora/go-micro-blog-ui/delegates/ruleDelegate.go:43.52,46.16 3 1
github.com/Ulbora/go-micro-blog-ui/delegates/ruleDelegate.go:46.16,48.17 2 1
github.com/Ulbora/go-micro-blog-ui/delegates/ruleDelegate.go:48.17,53.4 4 1
github.com/Ulbora/go-micro-blog-ui/delegates/ruleDelegate.go:55.2,56.15 2 1
github.com/Ulbora/go-micro-blog-ui/delegates/ruleDelegate.go:60.38,63.16 3 1
github.com/Ulbora/go-micro-blog-ui/delegates/ruleDelegate.go:63.16,67.3 3 1
github.com/Ulbora/go-micro-blog-ui/delegates/ruleDelegate.go:68.2,68.13 1 1
github.com/Ulbora/go-micro-blog-ui/delegates/termsDelegate.go:26.53,29.16 3 1
github.com/Ulbora/go-micro-blog-ui/delegates/termsDelegate.go:29.16,31.17 2 1
github.com/Ulbora/go-micro-blog-ui/delegates/termsDelegate.go:31.17,36.4 4 1
github.com/Ulbora/go-micro-blog-ui/delegates/termsDelegate.go:38.2,39.15 2 1
github.com/Ulbora/go-micro-blog-ui/delegates/termsDelegate.go:43.54,46.16 3 1
github.com/Ulbora/go-micro-blog-ui/delegates/termsDelegate.go:46.16,48.17 2 1
github.com/Ulbora/go-micro-blog-ui/delegates/termsDelegate.go:48.17,53.4 4 1
github.com/Ulbora/go-micro-blog-ui/delegates/termsDelegate.go:55.2,56.15 2 1
github.com/Ulbora/go-micro-blog-ui/delegates/termsDelegate.go:60.40,63.16 3 1
github.com/Ulbora/go-micro-blog-ui/delegates/termsDelegate.go:63.16,67.3 3 1
github.com/Ulbora/go-micro-blog-ui/delegates/termsDelegate.go:68.2,68.13 1 1
github.com/Ulbora/go-micro-blog-ui/delegates/userAuthDelegate.go:27.59,30.16 3 1
github.com/Ulbora/go-micro-blog-ui/delegates/userAuthDelegate.go:30.16,32.17 2 1
github.com/Ulbora/go-micro-blog-ui/delegates/userAuthDelegate.go:32.17,37.4 4 1
github.com/Ulbora/go-micro-blog-ui/delegates/userAuthDelegate.go:39.2,40.13 2 1
github.com/Ulbora/go-micro-blog-ui/delegates/userAuthDelegate.go:44.88,50.16 6 1
github.com/Ulbora/go-micro-blog-ui/delegates/userAuthDelegate.go:50.16,54.3 3 1
github.com/Ulbora/go-micro-blog-ui/delegates/userAuthDelegate.go:55.2,55.13 1 1
github.com/Ulbora/go-micro-blog-ui/delegates/userDelegate.go:27.51,30.16 3 1
github.com/Ulbora/go-micro-blog-ui/delegates/userDelegate.go:30.16,32.17 2 1
github.com/Ulbora/go-micro-blog-ui/delegates/userDelegate.go:32.17,37.4 4 1
github.com/Ulbora/go-micro-blog-ui/delegates/userDelegate.go:39.2,40.13 2 1
github.com/Ulbora/go-micro-blog-ui/delegates/userDelegate.go:44.52,47.16 3 1
github.com/Ulbora/go-micro-blog-ui/delegates/userDelegate.go:47.16,49.17 2 1
github.com/Ulbora/go-micro-blog-ui/delegates/userDelegate.go:49.17,54.4 4 1
github.com/Ulbora/go-micro-blog-ui/delegates/userDelegate.go:56.2,57.13 2 1
github.com/Ulbora/go-micro-blog-ui/delegates/userDelegate.go:61.50,64.16 3 1
github.com/Ulbora/go-micro-blog-ui/delegates/userDelegate.go:64.16,68.3 3 1
github.com/Ulbora/go-micro-blog-ui/delegates/userDelegate.go:69.2,69.13 1 1
github.com/Ulbora/go-micro-blog-ui/delegates/userDelegate.go:73.50,77.16 4 1
github.com/Ulbora/go-micro-blog-ui/delegates/userDelegate.go:77.16,81.3 3 1
github.com/Ulbora/go-micro-blog-ui/delegates/userDelegate.go:82.2,82.13 1 1
github.com/Ulbora/go-micro-blog-ui/delegates/userDelegate.go:86.44,89.16 3 1
github.com/Ulbora/go-micro-blog-ui/delegates/userDelegate.go:89.16,93.3 3 1
github.com/Ulbora/go-micro-blog-ui/delegates/userDelegate.go:94.2,94.13 1 1
github.com/Ulbora/go-micro-blog-ui/delegates/userDelegate.go:98.55,101.16 3 1
github.com/Ulbora/go-micro-blog-ui/delegates/userDelegate.go:101.16,105.3 3 1
github.com/Ulbora/go-micro-blog-ui/delegates/userDelegate.go:106.2,106.13 1 1
github.com/Ulbora/go-micro-blog-ui/delegates/userDelegate.go:110.50,113.16 3 1
github.com/Ulbora/go-micro-blog-ui/delegates/userDelegate.go:113.16,117.3 3 1
github.com/Ulbora/go-micro-blog-ui/delegates/userDelegate.go:118.2,118.13 1 1
github.com/Ulbora/go-micro-blog-ui/delegates/userDelegate.go:122.52,125.16 3 1
github.com/Ulbora/go-micro-blog-ui/delegates/userDelegate.go:125.16,127.17 2 1
github.com/Ulbora/go-micro-blog-ui/delegates/userDelegate.go:127.17,132.4 4 1
github.com/Ulbora/go-micro-blog-ui/delegates/userDelegate.go:134.2,135.15 2 1
github.com/Ulbora/go-micro-blog-ui/delegates/userDelegate.go:139.53,142.16 3 1
github.com/Ulbora/go-micro-blog-ui/delegates/userDelegate.go:142.16,144.17 2 1
github.com/Ulbora/go-micro-blog-ui/delegates/userDelegate.go:144.17,149.4 4 1
github.com/Ulbora/go-micro-blog-ui/delegates/userDelegate.go:151.2,152.15 2 1
github.com/Ulbora/go-micro-blog-ui/delegates/userDelegate.go:156.61,159.16 3 1
github.com/Ulbora/go-micro-blog-ui/delegates/userDelegate.go:159.16,161.17 2 1
github.com/Ulbora/go-micro-blog-ui/delegates/userDelegate.go:161.17,166.4 4 1
github.com/Ulbora/go-micro-blog-ui/delegates/userDelegate.go:168.2,169.16 2 1
github.com/Ulbora/go-micro-blog-ui/delegates/userDelegate.go:173.56,176.16 3 1
github.com/Ulbora/go-micro-blog-ui/delegates/userDelegate.go:176.16,178.17 2 1
github.com/Ulbora/go-micro-blog-ui/delegates/userDelegate.go:178.17,183.4 4 1
github.com/Ulbora/go-micro-blog-ui/delegates/userDelegate.go:185.2,186.15 2 1
