mode: set
github.com/Ulbora/go-micro-blog-ui/delegates/blogDelegate.go:27.51,30.16 3 1
github.com/Ulbora/go-micro-blog-ui/delegates/blogDelegate.go:30.16,32.17 2 1
github.com/Ulbora/go-micro-blog-ui/delegates/blogDelegate.go:32.17,37.4 4 1
github.com/Ulbora/go-micro-blog-ui/delegates/blogDelegate.go:39.2,40.13 2 1
github.com/Ulbora/go-micro-blog-ui/delegates/blogDelegate.go:44.52,47.16 3 1
github.com/Ulbora/go-micro-blog-ui/delegates/blogDelegate.go:47.16,49.17 2 1
github.com/Ulbora/go-micro-blog-ui/delegates/blogDelegate.go:49.17,54.4 4 1
github.com/Ulbora/go-micro-blog-ui/delegates/blogDelegate.go:56.2,57.13 2 1
github.com/Ulbora/go-micro-blog-ui/delegates/blogDelegate.go:61.47,65.16 4 1
github.com/Ulbora/go-micro-blog-ui/delegates/blogDelegate.go:65.16,69.3 3 1
github.com/Ulbora/go-micro-blog-ui/delegates/blogDelegate.go:70.2,70.13 1 1
github.com/Ulbora/go-micro-blog-ui/delegates/blogDelegate.go:74.81,79.16 5 1
github.com/Ulbora/go-micro-blog-ui/delegates/blogDelegate.go:79.16,83.3 3 1
github.com/Ulbora/go-micro-blog-ui/delegates/blogDelegate.go:84.2,84.13 1 1
github.com/Ulbora/go-micro-blog-ui/delegates/blogDelegate.go:88.66,93.16 5 1
github.com/Ulbora/go-micro-blog-ui/delegates/blogDelegate.go:93.16,97.3 3 1
github.com/Ulbora/go-micro-blog-ui/delegates/blogDelegate.go:98.2,98.13 1 1
github.com/Ulbora/go-micro-blog-ui/delegates/blogDelegate.go:102.71,107.16 5 1
github.com/Ulbora/go-micro-blog-ui/delegates/blogDelegate.go:107.16,111.3 3 1
github.com/Ulbora/go-micro-blog-ui/delegates/blogDelegate.go:112.2,112.13 1 1
github.com/Ulbora/go-micro-blog-ui/delegates/blogDelegate.go:116.54,119.16 3 1
github.com/Ulbora/go-micro-blog-ui/delegates/blogDelegate.go:119.16,121.17 2 1
github.com/Ulbora/go-micro-blog-ui/delegates/blogDelegate.go:121.17,126.4 4 1
github.com/Ulbora/go-micro-blog-ui/delegates/blogDelegate.go:128.2,129.13 2 1
github.com/Ulbora/go-micro-blog-ui/delegates/blogDelegate.go:133.56,136.16 3 1
github.com/Ulbora/go-micro-blog-ui/delegates/blogDelegate.go:136.16,138.17 2 1
github.com/Ulbora/go-micro-blog-ui/delegates/blogDelegate.go:138.17,143.4 4 1
github.com/Ulbora/go-micro-blog-ui/delegates/blogDelegate.go:145.2,146.13 2 1
github.com/Ulbora/go-micro-blog-ui/delegates/commentDelegate.go:27.57,30.16 3 1
github.com/Ulbora/go-micro-blog-ui/delegates/commentDelegate.go:30.16,32.17 2 1
github.com/Ulbora/go-micro-blog-ui/delegates/commentDelegate.go:32.17,37.4 4 1
github.com/Ulbora/go-micro-blog-ui/delegates/commentDelegate.go:39.2,40.13 2 1
github.com/Ulbora/go-micro-blog-ui/delegates/commentDelegate.go:44.58,47.16 3 1
github.com/Ulbora/go-micro-blog-ui/delegates/commentDelegate.go:47.16,49.17 2 1
github.com/Ulbora/go-micro-blog-ui/delegates/commentDelegate.go:49.17,54.4 4 1
github.com/Ulbora/go-micro-blog-ui/delegates/commentDelegate.go:56.2,57.13 2 1
github.com/Ulbora/go-micro-blog-ui/delegates/commentDelegate.go:61.86,67.16 6 1
github.com/Ulbora/go-micro-blog-ui/delegates/commentDelegate.go:67.16,71.3 3 1
github.com/Ulbora/go-micro-blog-ui/delegates/commentDelegate.go:72.2,72.13 1 1
github.com/Ulbora/go-micro-blog-ui/delegates/commentDelegate.go:76.91,82.16 6 1
github.com/Ulbora/go-micro-blog-ui/delegates/commentDelegate.go:82.16,86.3 3 1
github.com/Ulbora/go-micro-blog-ui/delegates/commentDelegate.go:87.2,87.13 1 1
github.com/Ulbora/go-micro-blog-ui/delegates/commentDelegate.go:91.60,94.16 3 1
github.com/Ulbora/go-micro-blog-ui/delegates/commentDelegate.go:94.16,96.17 2 1
github.com/Ulbora/go-micro-blog-ui/delegates/commentDelegate.go:96.17,101.4 4 1
github.com/Ulbora/go-micro-blog-ui/delegates/commentDelegate.go:103.2,104.13 2 1
github.com/Ulbora/go-micro-blog-ui/delegates/commentDelegate.go:108.62,111.16 3 1
github.com/Ulbora/go-micro-blog-ui/delegates/commentDelegate.go:111.16,113.17 2 1
github.com/Ulbora/go-micro-blog-ui/delegates/commentDelegate.go:113.17,118.4 4 1
github.com/Ulbora/go-micro-blog-ui/delegates/commentDelegate.go:120.2,121.13 2 1
github.com/Ulbora/go-micro-blog-ui/delegates/configDelegate.go:26.42,29.16 3 1
github.com/Ulbora/go-micro-blog-ui/delegates/configDelegate.go:29.16,33.3 3 1
github.com/Ulbora/go-micro-blog-ui/delegates/configDelegate.go:34.2,34.13 1 1
github.com/Ulbora/go-micro-blog-ui/delegates/configDelegate.go:38.56,41.16 3 1
github.com/Ulbora/go-micro-blog-ui/delegates/configDelegate.go:41.16,43.17 2 1
github.com/Ulbora/go-micro-blog-ui/delegates/configDelegate.go:43.17,48.4 4 1
github.com/Ulbora/go-micro-blog-ui/delegates/configDelegate.go:50.2,51.13 2 1
github.com/Ulbora/go-micro-blog-ui/delegates/likeDelegate.go:27.51,30.16 3 1
github.com/Ulbora/go-micro-blog-ui/delegates/likeDelegate.go:30.16,32.17 2 1
github.com/Ulbora/go-micro-blog-ui/delegates/likeDelegate.go:32.17,37.4 4 1
github.com/Ulbora/go-micro-blog-ui/delegates/likeDelegate.go:39.2,40.13 2 1
github.com/Ulbora/go-micro-blog-ui/delegates/likeDelegate.go:44.52,51.16 5 1
github.com/Ulbora/go-micro-blog-ui/delegates/likeDelegate.go:51.16,56.3 4 1
github.com/Ulbora/go-micro-blog-ui/delegates/likeDelegate.go:58.2,59.13 2 1
github.com/Ulbora/go-micro-blog-ui/delegates/likeDelegate.go:64.51,69.16 4 1
github.com/Ulbora/go-micro-blog-ui/delegates/likeDelegate.go:69.16,73.3 3 1
github.com/Ulbora/go-micro-blog-ui/delegates/likeDelegate.go:74.2,74.13 1 1
github.com/Ulbora/go-micro-blog-ui/delegates/mcDelegate.go:38.37,42.2 3 1
github.com/Ulbora/go-micro-blog-ui/delegates/mcDelegate.go:45.47,47.2 1 1
github.com/Ulbora/go-micro-blog-ui/delegates/mcDelegate.go:65.115,69.59 4 1
github.com/Ulbora/go-micro-blog-ui/delegates/mcDelegate.go:69.59,72.3 2 1
github.com/Ulbora/go-micro-blog-ui/delegates/mcDelegate.go:72.8,74.3 1 1
github.com/Ulbora/go-micro-blog-ui/delegates/mcDelegate.go:75.2,75.25 1 1
github.com/Ulbora/go-micro-blog-ui/delegates/mcDelegate.go:75.25,77.3 1 1
github.com/Ulbora/go-micro-blog-ui/delegates/mcDelegate.go:77.8,79.3 1 1
github.com/Ulbora/go-micro-blog-ui/delegates/mcDelegate.go:80.2,80.17 1 1
github.com/Ulbora/go-micro-blog-ui/delegates/mockDelegate.go:25.39,27.2 1 0
github.com/Ulbora/go-micro-blog-ui/delegates/mockDelegate.go:30.53,35.2 4 0
github.com/Ulbora/go-micro-blog-ui/delegates/mockDelegate.go:38.54,41.2 1 0
github.com/Ulbora/go-micro-blog-ui/delegates/mockDelegate.go:44.52,50.2 4 0
github.com/Ulbora/go-micro-blog-ui/delegates/mockDelegate.go:53.46,56.2 1 0
github.com/Ulbora/go-micro-blog-ui/delegates/mockDelegate.go:59.57,62.2 1 0
github.com/Ulbora/go-micro-blog-ui/delegates/mockDelegate.go:65.52,68.2 1 0
github.com/Ulbora/go-micro-blog-ui/delegates/mockDelegate.go:71.54,74.2 1 0
github.com/Ulbora/go-micro-blog-ui/delegates/mockDelegate.go:77.55,80.2 1 0
github.com/Ulbora/go-micro-blog-ui/delegates/mockDelegate.go:83.63,86.2 1 0
github.com/Ulbora/go-micro-blog-ui/delegates/mockDelegate.go:89.58,92.2 1 0
github.com/Ulbora/go-micro-blog-ui/delegates/mockDelegate.go:95.53,97.2 1 0
github.com/Ulbora/go-micro-blog-ui/delegates/mockDelegate.go:100.51,105.2 4 0
github.com/Ulbora/go-micro-blog-ui/delegates/mockDelegate.go:108.46,110.2 1 0
github.com/Ulbora/go-micro-blog-ui/delegates/mockDelegate.go:113.56,115.2 1 0
github.com/Ulbora/go-micro-blog-ui/delegates/mockDelegate.go:118.53,120.2 1 0
github.com/Ulbora/go-micro-blog-ui/delegates/mockDelegate.go:123.54,125.2 1 0
github.com/Ulbora/go-micro-blog-ui/delegates/mockDelegate.go:128.49,130.2 1 0
github.com/Ulbora/go-micro-blog-ui/delegates/mockDelegate.go:133.83,135.2 1 0
github.com/Ulbora/go-micro-blog-ui/delegates/mockDelegate.go:138.68,140.2 1 0
github.com/Ulbora/go-micro-blog-ui/delegates/mockDelegate.go:143.73,145.2 1 0
github.com/Ulbora/go-micro-blog-ui/delegates/mockDelegate.go:148.56,150.2 1 0
github.com/Ulbora/go-micro-blog-ui/delegates/mockDelegate.go:153.58,155.2 1 0
github.com/Ulbora/go-micro-blog-ui/delegates/mockDelegate.go:158.53,160.2 1 0
github.com/Ulbora/go-micro-blog-ui/delegates/mockDelegate.go:163.54,165.2 1 0
github.com/Ulbora/go-micro-blog-ui/delegates/mockDelegate.go:168.53,170.2 1 0
github.com/Ulbora/go-micro-blog-ui/delegates/mockDelegate.go:173.59,175.2 1 0
github.com/Ulbora/go-micro-blog-ui/delegates/mockDelegate.go:178.60,180.2 1 0
github.com/Ulbora/go-micro-blog-ui/delegates/mockDelegate.go:183.88,185.2 1 0
github.com/Ulbora/go-micro-blog-ui/delegates/mockDelegate.go:188.93,190.2 1 0
github.com/Ulbora/go-micro-blog-ui/delegates/mockDelegate.go:193.62,195.2 1 0
github.com/Ulbora/go-micro-blog-ui/delegates/mockDelegate.go:198.64,200.2 1 0
github.com/Ulbora/go-micro-blog-ui/delegates/mockDelegate.go:203.61,209.2 4 0
github.com/Ulbora/go-micro-blog-ui/delegates/mockDelegate.go:212.90,214.2 1 0
github.com/Ulbora/go-micro-blog-ui/delegates/mockDelegate.go:217.58,219.2 1 0
github.com/Ulbora/go-micro-blog-ui/delegates/mockDelegate.go:222.44,224.2 1 0
github.com/Ulbora/go-micro-blog-ui/delegates/roleDelegate.go:27.51,30.16 3 1
github.com/Ulbora/go-micro-blog-ui/delegates/roleDelegate.go:30.16,32.17 2 1
github.com/Ulbora/go-micro-blog-ui/delegates/roleDelegate.go:32.17,37.4 4 1
github.com/Ulbora/go-micro-blog-ui/delegates/roleDelegate.go:39.2,40.13 2 1
github.com/Ulbora/go-micro-blog-ui/delegates/roleDelegate.go:44.49,47.16 3 1
github.com/Ulbora/go-micro-blog-ui/delegates/roleDelegate.go:47.16,51.3 3 1
github.com/Ulbora/go-micro-blog-ui/delegates/roleDelegate.go:52.2,52.13 1 1
github.com/Ulbora/go-micro-blog-ui/delegates/roleDelegate.go:56.44,59.16 3 1
github.com/Ulbora/go-micro-blog-ui/delegates/roleDelegate.go:59.16,63.3 3 1
github.com/Ulbora/go-micro-blog-ui/delegates/roleDelegate.go:64.2,64.13 1 1
github.com/Ulbora/go-micro-blog-ui/delegates/roleDelegate.go:68.54,72.16 4 1
github.com/Ulbora/go-micro-blog-ui/delegates/roleDelegate.go:72.16,77.3 4 1
github.com/Ulbora/go-micro-blog-ui/delegates/roleDelegate.go:78.2,79.13 2 1
github.com/Ulbora/go-micro-blog-ui/delegates/userAuthDelegate.go:27.59,30.16 3 1
github.com/Ulbora/go-micro-blog-ui/delegates/userAuthDelegate.go:30.16,32.17 2 1
github.com/Ulbora/go-micro-blog-ui/delegates/userAuthDelegate.go:32.17,37.4 4 1
github.com/Ulbora/go-micro-blog-ui/delegates/userAuthDelegate.go:39.2,40.13 2 1
github.com/Ulbora/go-micro-blog-ui/delegates/userAuthDelegate.go:44.88,50.16 6 1
github.com/Ulbora/go-micro-blog-ui/delegates/userAuthDelegate.go:50.16,54.3 3 1
github.com/Ulbora/go-micro-blog-ui/delegates/userAuthDelegate.go:55.2,55.13 1 1
github.com/Ulbora/go-micro-blog-ui/delegates/userDelegate.go:26.51,29.16 3 1
github.com/Ulbora/go-micro-blog-ui/delegates/userDelegate.go:29.16,31.17 2 1
github.com/Ulbora/go-micro-blog-ui/delegates/userDelegate.go:31.17,36.4 4 1
github.com/Ulbora/go-micro-blog-ui/delegates/userDelegate.go:38.2,39.13 2 1
github.com/Ulbora/go-micro-blog-ui/delegates/userDelegate.go:43.52,46.16 3 1
github.com/Ulbora/go-micro-blog-ui/delegates/userDelegate.go:46.16,48.17 2 1
github.com/Ulbora/go-micro-blog-ui/delegates/userDelegate.go:48.17,53.4 4 1
github.com/Ulbora/go-micro-blog-ui/delegates/userDelegate.go:55.2,56.13 2 1
github.com/Ulbora/go-micro-blog-ui/delegates/userDelegate.go:60.50,63.16 3 1
github.com/Ulbora/go-micro-blog-ui/delegates/userDelegate.go:63.16,67.3 3 1
github.com/Ulbora/go-micro-blog-ui/delegates/userDelegate.go:68.2,68.13 1 1
github.com/Ulbora/go-micro-blog-ui/delegates/userDelegate.go:72.44,75.16 3 1
github.com/Ulbora/go-micro-blog-ui/delegates/userDelegate.go:75.16,79.3 3 1
github.com/Ulbora/go-micro-blog-ui/delegates/userDelegate.go:80.2,80.13 1 1
github.com/Ulbora/go-micro-blog-ui/delegates/userDelegate.go:84.55,87.16 3 1
github.com/Ulbora/go-micro-blog-ui/delegates/userDelegate.go:87.16,91.3 3 1
github.com/Ulbora/go-micro-blog-ui/delegates/userDelegate.go:92.2,92.13 1 1
github.com/Ulbora/go-micro-blog-ui/delegates/userDelegate.go:96.50,99.16 3 1
github.com/Ulbora/go-micro-blog-ui/delegates/userDelegate.go:99.16,103.3 3 1
github.com/Ulbora/go-micro-blog-ui/delegates/userDelegate.go:104.2,104.13 1 1
github.com/Ulbora/go-micro-blog-ui/delegates/userDelegate.go:108.52,111.16 3 1
github.com/Ulbora/go-micro-blog-ui/delegates/userDelegate.go:111.16,113.17 2 1
github.com/Ulbora/go-micro-blog-ui/delegates/userDelegate.go:113.17,118.4 4 1
github.com/Ulbora/go-micro-blog-ui/delegates/userDelegate.go:120.2,121.13 2 1
github.com/Ulbora/go-micro-blog-ui/delegates/userDelegate.go:125.53,128.16 3 1
github.com/Ulbora/go-micro-blog-ui/delegates/userDelegate.go:128.16,130.17 2 1
github.com/Ulbora/go-micro-blog-ui/delegates/userDelegate.go:130.17,135.4 4 1
github.com/Ulbora/go-micro-blog-ui/delegates/userDelegate.go:137.2,138.13 2 1
github.com/Ulbora/go-micro-blog-ui/delegates/userDelegate.go:142.61,145.16 3 1
github.com/Ulbora/go-micro-blog-ui/delegates/userDelegate.go:145.16,147.17 2 1
github.com/Ulbora/go-micro-blog-ui/delegates/userDelegate.go:147.17,152.4 4 1
github.com/Ulbora/go-micro-blog-ui/delegates/userDelegate.go:154.2,155.13 2 1
github.com/Ulbora/go-micro-blog-ui/delegates/userDelegate.go:159.56,162.16 3 1
github.com/Ulbora/go-micro-blog-ui/delegates/userDelegate.go:162.16,164.17 2 1
github.com/Ulbora/go-micro-blog-ui/delegates/userDelegate.go:164.17,169.4 4 1
github.com/Ulbora/go-micro-blog-ui/delegates/userDelegate.go:171.2,172.13 2 1
